<?xml version="1.0" encoding="UTF-8"?>
<!-- Generated by org.testng.reporters.JUnitReportReporter -->
<testsuite hostname="80CBASLBPLKRDQW" name="com.study.code.ChinaMoblie_testNg" tests="2" failures="0" timestamp="25 Mar 2016 08:07:39 GMT" time="323.668" errors="0">
  <testcase name="testCase_contact_001" time="157.517" classname="com.study.code.ChinaMoblie_testNg"/>
  <testcase name="testCase_contact_001" time="166.151" classname="com.study.code.ChinaMoblie_testNg"/>
</testsuite> <!-- com.study.code.ChinaMoblie_testNg -->
