<?xml version="1.0" encoding="UTF-8"?>
<!-- Generated by org.testng.reporters.JUnitReportReporter -->
<testsuite hostname="80CBASLBPLKRDQW" name="com.study.code.ChinaMoblie_more" tests="1" failures="0" timestamp="17 Apr 2016 00:57:34 GMT" time="20.917" errors="0">
  <testcase name="testCase_mms_049" time="20.917" classname="com.study.code.ChinaMoblie_more"/>
</testsuite> <!-- com.study.code.ChinaMoblie_more -->
